<?xml version="1.0" encoding="UTF-8"?>
<!-- Generated by org.testng.reporters.JUnitReportReporter -->
<testsuite skipped="0" hostname="DESKTOP-HKJBS28" name="com.testng.Parallelexecution" tests="3" failures="0" timestamp="2020-12-01T18:29:32 CST" time="0.036" errors="0">
  <testcase name="testcase5" time="0.015" classname="com.testng.Parallelexecution"/>
  <system-out/>
  <testcase name="testcase4" time="0.006" classname="com.testng.Parallelexecution"/>
  <system-out/>
  <testcase name="testcase6" time="0.015" classname="com.testng.Parallelexecution"/>
  <system-out/>
</testsuite> <!-- com.testng.Parallelexecution -->
