<?xml version="1.0" encoding="UTF-8"?>
<!-- Generated by org.testng.reporters.JUnitReportReporter -->
<testsuite skipped="0" hostname="DESKTOP-HKJBS28" name="com.testng.Prioritydemo" tests="3" failures="0" timestamp="2020-12-01T18:29:32 CST" time="0.038" errors="0">
  <testcase name="testcase2" time="0.014" classname="com.testng.Prioritydemo"/>
  <system-out/>
  <testcase name="testcase1" time="0.004" classname="com.testng.Prioritydemo"/>
  <system-out/>
  <testcase name="testcase3" time="0.020" classname="com.testng.Prioritydemo"/>
  <system-out/>
</testsuite> <!-- com.testng.Prioritydemo -->
