<?xml version="1.0" encoding="UTF-8"?>
<!-- Generated by org.testng.reporters.JUnitReportReporter -->
<testsuite skipped="0" hostname="DESKTOP-HKJBS28" name="com.testng.Testdemo" tests="3" failures="0" timestamp="2020-12-01T17:54:00 CST" time="0.045" errors="0">
  <testcase name="testcase3" time="0.008" classname="com.testng.Testdemo"/>
  <system-out/>
  <testcase name="testcase1" time="0.030" classname="com.testng.Testdemo"/>
  <system-out/>
  <testcase name="testcase2" time="0.007" classname="com.testng.Testdemo"/>
  <system-out/>
</testsuite> <!-- com.testng.Testdemo -->
